{"C:\\Users\\court\\Kutztown\\GallieRepo2\\backend\\index.js": {"path":"C:\\Users\\court\\Kutztown\\GallieRepo2\\backend\\index.js","statementMap":{"0":{"start":{"line":1,"column":16},"end":{"line":1,"column":34}},"1":{"start":{"line":2,"column":13},"end":{"line":2,"column":28}},"2":{"start":{"line":3,"column":14},"end":{"line":3,"column":30}},"3":{"start":{"line":4,"column":13},"end":{"line":4,"column":28}},"4":{"start":{"line":5,"column":12},"end":{"line":5,"column":21}},"5":{"start":{"line":6,"column":13},"end":{"line":6,"column":17}},"6":{"start":{"line":8,"column":19},"end":{"line":8,"column":41}},"7":{"start":{"line":9,"column":21},"end":{"line":9,"column":45}},"8":{"start":{"line":10,"column":16},"end":{"line":10,"column":42}},"9":{"start":{"line":12,"column":15},"end":{"line":12,"column":32}},"10":{"start":{"line":13,"column":18},"end":{"line":13,"column":20}},"11":{"start":{"line":17,"column":0},"end":{"line":17,"column":24}},"12":{"start":{"line":19,"column":0},"end":{"line":24,"column":2}},"13":{"start":{"line":26,"column":0},"end":{"line":26,"column":24}},"14":{"start":{"line":27,"column":0},"end":{"line":27,"column":46}},"15":{"start":{"line":29,"column":0},"end":{"line":39,"column":3}},"16":{"start":{"line":41,"column":0},"end":{"line":41,"column":70}},"17":{"start":{"line":43,"column":11},"end":{"line":50,"column":2}},"18":{"start":{"line":54,"column":0},"end":{"line":64,"column":3}},"19":{"start":{"line":55,"column":20},"end":{"line":55,"column":99}},"20":{"start":{"line":56,"column":2},"end":{"line":63,"column":5}},"21":{"start":{"line":58,"column":6},"end":{"line":62,"column":9}},"22":{"start":{"line":59,"column":10},"end":{"line":59,"column":27}},"23":{"start":{"line":61,"column":10},"end":{"line":61,"column":27}},"24":{"start":{"line":65,"column":0},"end":{"line":75,"column":3}},"25":{"start":{"line":66,"column":20},"end":{"line":66,"column":101}},"26":{"start":{"line":67,"column":2},"end":{"line":74,"column":5}},"27":{"start":{"line":69,"column":6},"end":{"line":73,"column":9}},"28":{"start":{"line":70,"column":10},"end":{"line":70,"column":27}},"29":{"start":{"line":72,"column":10},"end":{"line":72,"column":27}},"30":{"start":{"line":77,"column":0},"end":{"line":87,"column":3}},"31":{"start":{"line":78,"column":20},"end":{"line":78,"column":105}},"32":{"start":{"line":79,"column":2},"end":{"line":86,"column":5}},"33":{"start":{"line":81,"column":6},"end":{"line":85,"column":9}},"34":{"start":{"line":82,"column":10},"end":{"line":82,"column":27}},"35":{"start":{"line":84,"column":10},"end":{"line":84,"column":27}},"36":{"start":{"line":88,"column":0},"end":{"line":98,"column":3}},"37":{"start":{"line":89,"column":20},"end":{"line":89,"column":102}},"38":{"start":{"line":90,"column":2},"end":{"line":97,"column":5}},"39":{"start":{"line":92,"column":6},"end":{"line":96,"column":9}},"40":{"start":{"line":93,"column":10},"end":{"line":93,"column":27}},"41":{"start":{"line":95,"column":10},"end":{"line":95,"column":27}},"42":{"start":{"line":99,"column":0},"end":{"line":109,"column":3}},"43":{"start":{"line":100,"column":20},"end":{"line":100,"column":101}},"44":{"start":{"line":101,"column":2},"end":{"line":108,"column":5}},"45":{"start":{"line":103,"column":6},"end":{"line":107,"column":9}},"46":{"start":{"line":104,"column":10},"end":{"line":104,"column":27}},"47":{"start":{"line":106,"column":10},"end":{"line":106,"column":27}},"48":{"start":{"line":110,"column":0},"end":{"line":120,"column":3}},"49":{"start":{"line":111,"column":20},"end":{"line":111,"column":99}},"50":{"start":{"line":112,"column":2},"end":{"line":119,"column":5}},"51":{"start":{"line":114,"column":6},"end":{"line":118,"column":9}},"52":{"start":{"line":115,"column":10},"end":{"line":115,"column":27}},"53":{"start":{"line":117,"column":10},"end":{"line":117,"column":27}},"54":{"start":{"line":122,"column":0},"end":{"line":131,"column":3}},"55":{"start":{"line":123,"column":20},"end":{"line":123,"column":46}},"56":{"start":{"line":124,"column":2},"end":{"line":130,"column":5}},"57":{"start":{"line":125,"column":6},"end":{"line":129,"column":9}},"58":{"start":{"line":126,"column":10},"end":{"line":126,"column":27}},"59":{"start":{"line":128,"column":10},"end":{"line":128,"column":27}},"60":{"start":{"line":133,"column":0},"end":{"line":142,"column":3}},"61":{"start":{"line":134,"column":20},"end":{"line":134,"column":66}},"62":{"start":{"line":135,"column":2},"end":{"line":141,"column":5}},"63":{"start":{"line":136,"column":6},"end":{"line":140,"column":9}},"64":{"start":{"line":137,"column":10},"end":{"line":137,"column":27}},"65":{"start":{"line":139,"column":10},"end":{"line":139,"column":27}},"66":{"start":{"line":144,"column":0},"end":{"line":153,"column":3}},"67":{"start":{"line":145,"column":20},"end":{"line":145,"column":124}},"68":{"start":{"line":146,"column":2},"end":{"line":152,"column":5}},"69":{"start":{"line":147,"column":6},"end":{"line":151,"column":9}},"70":{"start":{"line":148,"column":10},"end":{"line":148,"column":27}},"71":{"start":{"line":150,"column":10},"end":{"line":150,"column":27}},"72":{"start":{"line":155,"column":0},"end":{"line":164,"column":3}},"73":{"start":{"line":156,"column":20},"end":{"line":156,"column":66}},"74":{"start":{"line":157,"column":2},"end":{"line":163,"column":5}},"75":{"start":{"line":158,"column":6},"end":{"line":162,"column":9}},"76":{"start":{"line":159,"column":10},"end":{"line":159,"column":27}},"77":{"start":{"line":161,"column":10},"end":{"line":161,"column":27}},"78":{"start":{"line":166,"column":0},"end":{"line":175,"column":3}},"79":{"start":{"line":167,"column":20},"end":{"line":167,"column":112}},"80":{"start":{"line":168,"column":2},"end":{"line":174,"column":5}},"81":{"start":{"line":169,"column":6},"end":{"line":173,"column":9}},"82":{"start":{"line":170,"column":10},"end":{"line":170,"column":27}},"83":{"start":{"line":172,"column":10},"end":{"line":172,"column":27}},"84":{"start":{"line":177,"column":0},"end":{"line":187,"column":3}},"85":{"start":{"line":178,"column":20},"end":{"line":178,"column":143}},"86":{"start":{"line":179,"column":2},"end":{"line":179,"column":25}},"87":{"start":{"line":180,"column":2},"end":{"line":186,"column":5}},"88":{"start":{"line":181,"column":6},"end":{"line":185,"column":9}},"89":{"start":{"line":182,"column":10},"end":{"line":182,"column":27}},"90":{"start":{"line":184,"column":10},"end":{"line":184,"column":27}},"91":{"start":{"line":189,"column":0},"end":{"line":199,"column":3}},"92":{"start":{"line":190,"column":20},"end":{"line":190,"column":92}},"93":{"start":{"line":191,"column":2},"end":{"line":198,"column":5}},"94":{"start":{"line":192,"column":6},"end":{"line":197,"column":9}},"95":{"start":{"line":193,"column":10},"end":{"line":193,"column":27}},"96":{"start":{"line":195,"column":10},"end":{"line":195,"column":30}},"97":{"start":{"line":196,"column":10},"end":{"line":196,"column":27}},"98":{"start":{"line":201,"column":0},"end":{"line":210,"column":3}},"99":{"start":{"line":202,"column":20},"end":{"line":202,"column":91}},"100":{"start":{"line":203,"column":2},"end":{"line":209,"column":5}},"101":{"start":{"line":204,"column":6},"end":{"line":208,"column":9}},"102":{"start":{"line":205,"column":10},"end":{"line":205,"column":27}},"103":{"start":{"line":207,"column":10},"end":{"line":207,"column":27}},"104":{"start":{"line":212,"column":0},"end":{"line":221,"column":3}},"105":{"start":{"line":213,"column":20},"end":{"line":213,"column":91}},"106":{"start":{"line":214,"column":2},"end":{"line":220,"column":5}},"107":{"start":{"line":215,"column":6},"end":{"line":219,"column":9}},"108":{"start":{"line":216,"column":10},"end":{"line":216,"column":27}},"109":{"start":{"line":218,"column":10},"end":{"line":218,"column":27}},"110":{"start":{"line":223,"column":0},"end":{"line":232,"column":3}},"111":{"start":{"line":224,"column":20},"end":{"line":224,"column":99}},"112":{"start":{"line":225,"column":2},"end":{"line":231,"column":5}},"113":{"start":{"line":226,"column":6},"end":{"line":230,"column":9}},"114":{"start":{"line":227,"column":10},"end":{"line":227,"column":27}},"115":{"start":{"line":229,"column":10},"end":{"line":229,"column":27}},"116":{"start":{"line":237,"column":2},"end":{"line":248,"column":5}},"117":{"start":{"line":238,"column":22},"end":{"line":239,"column":39}},"118":{"start":{"line":240,"column":4},"end":{"line":247,"column":7}},"119":{"start":{"line":241,"column":8},"end":{"line":241,"column":28}},"120":{"start":{"line":242,"column":8},"end":{"line":246,"column":11}},"121":{"start":{"line":243,"column":12},"end":{"line":243,"column":29}},"122":{"start":{"line":245,"column":12},"end":{"line":245,"column":29}},"123":{"start":{"line":251,"column":0},"end":{"line":261,"column":3}},"124":{"start":{"line":252,"column":20},"end":{"line":252,"column":92}},"125":{"start":{"line":253,"column":2},"end":{"line":260,"column":5}},"126":{"start":{"line":254,"column":6},"end":{"line":259,"column":9}},"127":{"start":{"line":255,"column":10},"end":{"line":255,"column":27}},"128":{"start":{"line":257,"column":10},"end":{"line":257,"column":30}},"129":{"start":{"line":258,"column":10},"end":{"line":258,"column":27}},"130":{"start":{"line":263,"column":0},"end":{"line":273,"column":3}},"131":{"start":{"line":264,"column":20},"end":{"line":264,"column":103}},"132":{"start":{"line":265,"column":2},"end":{"line":272,"column":5}},"133":{"start":{"line":266,"column":6},"end":{"line":271,"column":9}},"134":{"start":{"line":267,"column":10},"end":{"line":267,"column":27}},"135":{"start":{"line":269,"column":10},"end":{"line":269,"column":30}},"136":{"start":{"line":270,"column":10},"end":{"line":270,"column":27}},"137":{"start":{"line":275,"column":0},"end":{"line":293,"column":3}},"138":{"start":{"line":277,"column":15},"end":{"line":277,"column":33}},"139":{"start":{"line":278,"column":17},"end":{"line":278,"column":37}},"140":{"start":{"line":279,"column":17},"end":{"line":279,"column":34}},"141":{"start":{"line":280,"column":17},"end":{"line":280,"column":34}},"142":{"start":{"line":281,"column":18},"end":{"line":281,"column":37}},"143":{"start":{"line":284,"column":14},"end":{"line":284,"column":112}},"144":{"start":{"line":285,"column":4},"end":{"line":292,"column":7}},"145":{"start":{"line":286,"column":8},"end":{"line":291,"column":9}},"146":{"start":{"line":287,"column":12},"end":{"line":287,"column":22}},"147":{"start":{"line":289,"column":12},"end":{"line":289,"column":64}},"148":{"start":{"line":290,"column":12},"end":{"line":290,"column":29}},"149":{"start":{"line":295,"column":0},"end":{"line":308,"column":3}},"150":{"start":{"line":297,"column":12},"end":{"line":299,"column":57}},"151":{"start":{"line":300,"column":2},"end":{"line":307,"column":5}},"152":{"start":{"line":301,"column":6},"end":{"line":306,"column":7}},"153":{"start":{"line":302,"column":10},"end":{"line":302,"column":20}},"154":{"start":{"line":304,"column":10},"end":{"line":304,"column":61}},"155":{"start":{"line":305,"column":10},"end":{"line":305,"column":27}},"156":{"start":{"line":312,"column":0},"end":{"line":331,"column":3}},"157":{"start":{"line":314,"column":13},"end":{"line":314,"column":30}},"158":{"start":{"line":315,"column":15},"end":{"line":315,"column":34}},"159":{"start":{"line":316,"column":18},"end":{"line":316,"column":40}},"160":{"start":{"line":317,"column":15},"end":{"line":317,"column":34}},"161":{"start":{"line":318,"column":17},"end":{"line":318,"column":38}},"162":{"start":{"line":319,"column":20},"end":{"line":319,"column":38}},"163":{"start":{"line":322,"column":12},"end":{"line":322,"column":137}},"164":{"start":{"line":323,"column":2},"end":{"line":330,"column":5}},"165":{"start":{"line":324,"column":6},"end":{"line":329,"column":7}},"166":{"start":{"line":325,"column":10},"end":{"line":325,"column":20}},"167":{"start":{"line":327,"column":10},"end":{"line":327,"column":64}},"168":{"start":{"line":328,"column":10},"end":{"line":328,"column":27}},"169":{"start":{"line":335,"column":0},"end":{"line":354,"column":3}},"170":{"start":{"line":337,"column":13},"end":{"line":337,"column":39}},"171":{"start":{"line":338,"column":18},"end":{"line":338,"column":34}},"172":{"start":{"line":339,"column":19},"end":{"line":339,"column":36}},"173":{"start":{"line":340,"column":18},"end":{"line":340,"column":41}},"174":{"start":{"line":341,"column":16},"end":{"line":341,"column":33}},"175":{"start":{"line":342,"column":15},"end":{"line":342,"column":32}},"176":{"start":{"line":345,"column":12},"end":{"line":345,"column":128}},"177":{"start":{"line":346,"column":2},"end":{"line":353,"column":5}},"178":{"start":{"line":347,"column":6},"end":{"line":352,"column":7}},"179":{"start":{"line":348,"column":10},"end":{"line":348,"column":20}},"180":{"start":{"line":350,"column":10},"end":{"line":350,"column":62}},"181":{"start":{"line":351,"column":10},"end":{"line":351,"column":27}},"182":{"start":{"line":358,"column":0},"end":{"line":378,"column":3}},"183":{"start":{"line":360,"column":13},"end":{"line":360,"column":31}},"184":{"start":{"line":361,"column":24},"end":{"line":361,"column":46}},"185":{"start":{"line":362,"column":25},"end":{"line":362,"column":48}},"186":{"start":{"line":363,"column":19},"end":{"line":363,"column":36}},"187":{"start":{"line":364,"column":23},"end":{"line":364,"column":44}},"188":{"start":{"line":365,"column":19},"end":{"line":365,"column":36}},"189":{"start":{"line":366,"column":19},"end":{"line":366,"column":36}},"190":{"start":{"line":369,"column":12},"end":{"line":369,"column":149}},"191":{"start":{"line":370,"column":2},"end":{"line":377,"column":5}},"192":{"start":{"line":371,"column":6},"end":{"line":376,"column":7}},"193":{"start":{"line":372,"column":10},"end":{"line":372,"column":20}},"194":{"start":{"line":374,"column":10},"end":{"line":374,"column":62}},"195":{"start":{"line":375,"column":10},"end":{"line":375,"column":27}},"196":{"start":{"line":380,"column":0},"end":{"line":401,"column":3}},"197":{"start":{"line":382,"column":13},"end":{"line":382,"column":31}},"198":{"start":{"line":383,"column":22},"end":{"line":383,"column":42}},"199":{"start":{"line":384,"column":24},"end":{"line":384,"column":46}},"200":{"start":{"line":385,"column":19},"end":{"line":385,"column":36}},"201":{"start":{"line":386,"column":19},"end":{"line":386,"column":36}},"202":{"start":{"line":387,"column":22},"end":{"line":387,"column":42}},"203":{"start":{"line":388,"column":24},"end":{"line":388,"column":33}},"204":{"start":{"line":389,"column":19},"end":{"line":389,"column":36}},"205":{"start":{"line":392,"column":12},"end":{"line":392,"column":163}},"206":{"start":{"line":393,"column":2},"end":{"line":400,"column":5}},"207":{"start":{"line":394,"column":6},"end":{"line":399,"column":7}},"208":{"start":{"line":395,"column":10},"end":{"line":395,"column":20}},"209":{"start":{"line":397,"column":10},"end":{"line":397,"column":62}},"210":{"start":{"line":398,"column":10},"end":{"line":398,"column":27}},"211":{"start":{"line":403,"column":0},"end":{"line":419,"column":3}},"212":{"start":{"line":405,"column":13},"end":{"line":405,"column":31}},"213":{"start":{"line":406,"column":24},"end":{"line":406,"column":35}},"214":{"start":{"line":409,"column":12},"end":{"line":409,"column":103}},"215":{"start":{"line":410,"column":2},"end":{"line":410,"column":19}},"216":{"start":{"line":411,"column":2},"end":{"line":418,"column":5}},"217":{"start":{"line":412,"column":6},"end":{"line":417,"column":7}},"218":{"start":{"line":413,"column":10},"end":{"line":413,"column":20}},"219":{"start":{"line":415,"column":10},"end":{"line":415,"column":62}},"220":{"start":{"line":416,"column":10},"end":{"line":416,"column":27}},"221":{"start":{"line":423,"column":0},"end":{"line":433,"column":3}},"222":{"start":{"line":424,"column":20},"end":{"line":424,"column":89}},"223":{"start":{"line":425,"column":2},"end":{"line":432,"column":5}},"224":{"start":{"line":427,"column":6},"end":{"line":431,"column":9}},"225":{"start":{"line":428,"column":10},"end":{"line":428,"column":27}},"226":{"start":{"line":430,"column":10},"end":{"line":430,"column":27}},"227":{"start":{"line":437,"column":0},"end":{"line":463,"column":5}},"228":{"start":{"line":438,"column":13},"end":{"line":438,"column":31}},"229":{"start":{"line":439,"column":16},"end":{"line":439,"column":30}},"230":{"start":{"line":440,"column":19},"end":{"line":440,"column":36}},"231":{"start":{"line":441,"column":19},"end":{"line":441,"column":36}},"232":{"start":{"line":442,"column":17},"end":{"line":442,"column":32}},"233":{"start":{"line":444,"column":2},"end":{"line":462,"column":6}},"234":{"start":{"line":447,"column":4},"end":{"line":449,"column":5}},"235":{"start":{"line":448,"column":6},"end":{"line":448,"column":23}},"236":{"start":{"line":452,"column":13},"end":{"line":452,"column":129}},"237":{"start":{"line":453,"column":3},"end":{"line":461,"column":7}},"238":{"start":{"line":454,"column":7},"end":{"line":460,"column":8}},"239":{"start":{"line":455,"column":11},"end":{"line":455,"column":21}},"240":{"start":{"line":458,"column":11},"end":{"line":458,"column":28}},"241":{"start":{"line":459,"column":11},"end":{"line":459,"column":62}},"242":{"start":{"line":467,"column":0},"end":{"line":473,"column":3}},"243":{"start":{"line":468,"column":2},"end":{"line":472,"column":3}},"244":{"start":{"line":469,"column":4},"end":{"line":469,"column":55}},"245":{"start":{"line":471,"column":4},"end":{"line":471,"column":56}},"246":{"start":{"line":475,"column":0},"end":{"line":507,"column":5}},"247":{"start":{"line":476,"column":19},"end":{"line":476,"column":36}},"248":{"start":{"line":477,"column":19},"end":{"line":477,"column":36}},"249":{"start":{"line":479,"column":20},"end":{"line":479,"column":62}},"250":{"start":{"line":481,"column":2},"end":{"line":506,"column":5}},"251":{"start":{"line":482,"column":4},"end":{"line":484,"column":5}},"252":{"start":{"line":483,"column":6},"end":{"line":483,"column":16}},"253":{"start":{"line":485,"column":4},"end":{"line":505,"column":5}},"254":{"start":{"line":486,"column":6},"end":{"line":498,"column":9}},"255":{"start":{"line":487,"column":8},"end":{"line":497,"column":9}},"256":{"start":{"line":488,"column":10},"end":{"line":488,"column":36}},"257":{"start":{"line":489,"column":10},"end":{"line":489,"column":40}},"258":{"start":{"line":490,"column":10},"end":{"line":490,"column":38}},"259":{"start":{"line":491,"column":10},"end":{"line":491,"column":42}},"260":{"start":{"line":492,"column":10},"end":{"line":492,"column":27}},"261":{"start":{"line":493,"column":10},"end":{"line":493,"column":47}},"262":{"start":{"line":496,"column":10},"end":{"line":496,"column":70}},"263":{"start":{"line":503,"column":6},"end":{"line":503,"column":50}},"264":{"start":{"line":504,"column":6},"end":{"line":504,"column":31}},"265":{"start":{"line":512,"column":2},"end":{"line":518,"column":5}},"266":{"start":{"line":513,"column":4},"end":{"line":517,"column":5}},"267":{"start":{"line":514,"column":5},"end":{"line":514,"column":33}},"268":{"start":{"line":516,"column":6},"end":{"line":516,"column":57}},"269":{"start":{"line":520,"column":2},"end":{"line":528,"column":5}},"270":{"start":{"line":521,"column":4},"end":{"line":521,"column":33}},"271":{"start":{"line":522,"column":4},"end":{"line":522,"column":26}},"272":{"start":{"line":523,"column":4},"end":{"line":523,"column":30}},"273":{"start":{"line":524,"column":4},"end":{"line":524,"column":34}},"274":{"start":{"line":525,"column":4},"end":{"line":525,"column":32}},"275":{"start":{"line":526,"column":4},"end":{"line":526,"column":37}},"276":{"start":{"line":530,"column":2},"end":{"line":541,"column":5}},"277":{"start":{"line":531,"column":14},"end":{"line":531,"column":123}},"278":{"start":{"line":532,"column":4},"end":{"line":532,"column":21}},"279":{"start":{"line":533,"column":4},"end":{"line":540,"column":7}},"280":{"start":{"line":534,"column":8},"end":{"line":539,"column":9}},"281":{"start":{"line":535,"column":12},"end":{"line":535,"column":22}},"282":{"start":{"line":537,"column":12},"end":{"line":537,"column":62}},"283":{"start":{"line":538,"column":12},"end":{"line":538,"column":29}},"284":{"start":{"line":543,"column":0},"end":{"line":554,"column":3}},"285":{"start":{"line":544,"column":12},"end":{"line":544,"column":121}},"286":{"start":{"line":545,"column":2},"end":{"line":545,"column":19}},"287":{"start":{"line":546,"column":2},"end":{"line":553,"column":5}},"288":{"start":{"line":547,"column":6},"end":{"line":552,"column":7}},"289":{"start":{"line":548,"column":10},"end":{"line":548,"column":20}},"290":{"start":{"line":550,"column":10},"end":{"line":550,"column":60}},"291":{"start":{"line":551,"column":10},"end":{"line":551,"column":27}},"292":{"start":{"line":556,"column":0},"end":{"line":562,"column":2}},"293":{"start":{"line":557,"column":2},"end":{"line":561,"column":4}},"294":{"start":{"line":558,"column":4},"end":{"line":560,"column":5}},"295":{"start":{"line":559,"column":6},"end":{"line":559,"column":31}},"296":{"start":{"line":564,"column":0},"end":{"line":566,"column":3}},"297":{"start":{"line":565,"column":4},"end":{"line":565,"column":52}},"298":{"start":{"line":568,"column":0},"end":{"line":568,"column":40}}},"fnMap":{"0":{"name":"(anonymous_0)","decl":{"start":{"line":54,"column":22},"end":{"line":54,"column":23}},"loc":{"start":{"line":54,"column":36},"end":{"line":64,"column":1}},"line":54},"1":{"name":"(anonymous_1)","decl":{"start":{"line":56,"column":22},"end":{"line":56,"column":23}},"loc":{"start":{"line":56,"column":39},"end":{"line":63,"column":3}},"line":56},"2":{"name":"(anonymous_2)","decl":{"start":{"line":65,"column":24},"end":{"line":65,"column":25}},"loc":{"start":{"line":65,"column":38},"end":{"line":75,"column":1}},"line":65},"3":{"name":"(anonymous_3)","decl":{"start":{"line":67,"column":22},"end":{"line":67,"column":23}},"loc":{"start":{"line":67,"column":39},"end":{"line":74,"column":3}},"line":67},"4":{"name":"(anonymous_4)","decl":{"start":{"line":77,"column":27},"end":{"line":77,"column":28}},"loc":{"start":{"line":77,"column":41},"end":{"line":87,"column":1}},"line":77},"5":{"name":"(anonymous_5)","decl":{"start":{"line":79,"column":22},"end":{"line":79,"column":23}},"loc":{"start":{"line":79,"column":39},"end":{"line":86,"column":3}},"line":79},"6":{"name":"(anonymous_6)","decl":{"start":{"line":88,"column":25},"end":{"line":88,"column":26}},"loc":{"start":{"line":88,"column":39},"end":{"line":98,"column":1}},"line":88},"7":{"name":"(anonymous_7)","decl":{"start":{"line":90,"column":22},"end":{"line":90,"column":23}},"loc":{"start":{"line":90,"column":39},"end":{"line":97,"column":3}},"line":90},"8":{"name":"(anonymous_8)","decl":{"start":{"line":99,"column":24},"end":{"line":99,"column":25}},"loc":{"start":{"line":99,"column":38},"end":{"line":109,"column":1}},"line":99},"9":{"name":"(anonymous_9)","decl":{"start":{"line":101,"column":22},"end":{"line":101,"column":23}},"loc":{"start":{"line":101,"column":39},"end":{"line":108,"column":3}},"line":101},"10":{"name":"(anonymous_10)","decl":{"start":{"line":110,"column":22},"end":{"line":110,"column":23}},"loc":{"start":{"line":110,"column":36},"end":{"line":120,"column":1}},"line":110},"11":{"name":"(anonymous_11)","decl":{"start":{"line":112,"column":22},"end":{"line":112,"column":23}},"loc":{"start":{"line":112,"column":39},"end":{"line":119,"column":3}},"line":112},"12":{"name":"(anonymous_12)","decl":{"start":{"line":122,"column":23},"end":{"line":122,"column":24}},"loc":{"start":{"line":122,"column":37},"end":{"line":131,"column":1}},"line":122},"13":{"name":"(anonymous_13)","decl":{"start":{"line":124,"column":22},"end":{"line":124,"column":23}},"loc":{"start":{"line":124,"column":39},"end":{"line":130,"column":3}},"line":124},"14":{"name":"(anonymous_14)","decl":{"start":{"line":133,"column":28},"end":{"line":133,"column":29}},"loc":{"start":{"line":133,"column":42},"end":{"line":142,"column":1}},"line":133},"15":{"name":"(anonymous_15)","decl":{"start":{"line":135,"column":22},"end":{"line":135,"column":23}},"loc":{"start":{"line":135,"column":39},"end":{"line":141,"column":3}},"line":135},"16":{"name":"(anonymous_16)","decl":{"start":{"line":144,"column":24},"end":{"line":144,"column":25}},"loc":{"start":{"line":144,"column":38},"end":{"line":153,"column":1}},"line":144},"17":{"name":"(anonymous_17)","decl":{"start":{"line":146,"column":22},"end":{"line":146,"column":23}},"loc":{"start":{"line":146,"column":39},"end":{"line":152,"column":3}},"line":146},"18":{"name":"(anonymous_18)","decl":{"start":{"line":155,"column":28},"end":{"line":155,"column":29}},"loc":{"start":{"line":155,"column":42},"end":{"line":164,"column":1}},"line":155},"19":{"name":"(anonymous_19)","decl":{"start":{"line":157,"column":22},"end":{"line":157,"column":23}},"loc":{"start":{"line":157,"column":39},"end":{"line":163,"column":3}},"line":157},"20":{"name":"(anonymous_20)","decl":{"start":{"line":166,"column":24},"end":{"line":166,"column":25}},"loc":{"start":{"line":166,"column":38},"end":{"line":175,"column":1}},"line":166},"21":{"name":"(anonymous_21)","decl":{"start":{"line":168,"column":22},"end":{"line":168,"column":23}},"loc":{"start":{"line":168,"column":39},"end":{"line":174,"column":3}},"line":168},"22":{"name":"(anonymous_22)","decl":{"start":{"line":177,"column":26},"end":{"line":177,"column":27}},"loc":{"start":{"line":177,"column":40},"end":{"line":187,"column":1}},"line":177},"23":{"name":"(anonymous_23)","decl":{"start":{"line":180,"column":22},"end":{"line":180,"column":23}},"loc":{"start":{"line":180,"column":39},"end":{"line":186,"column":3}},"line":180},"24":{"name":"(anonymous_24)","decl":{"start":{"line":189,"column":31},"end":{"line":189,"column":32}},"loc":{"start":{"line":189,"column":45},"end":{"line":199,"column":1}},"line":189},"25":{"name":"(anonymous_25)","decl":{"start":{"line":191,"column":22},"end":{"line":191,"column":23}},"loc":{"start":{"line":191,"column":39},"end":{"line":198,"column":3}},"line":191},"26":{"name":"(anonymous_26)","decl":{"start":{"line":201,"column":32},"end":{"line":201,"column":33}},"loc":{"start":{"line":201,"column":46},"end":{"line":210,"column":1}},"line":201},"27":{"name":"(anonymous_27)","decl":{"start":{"line":203,"column":22},"end":{"line":203,"column":23}},"loc":{"start":{"line":203,"column":39},"end":{"line":209,"column":3}},"line":203},"28":{"name":"(anonymous_28)","decl":{"start":{"line":212,"column":32},"end":{"line":212,"column":33}},"loc":{"start":{"line":212,"column":46},"end":{"line":221,"column":1}},"line":212},"29":{"name":"(anonymous_29)","decl":{"start":{"line":214,"column":22},"end":{"line":214,"column":23}},"loc":{"start":{"line":214,"column":39},"end":{"line":220,"column":3}},"line":214},"30":{"name":"(anonymous_30)","decl":{"start":{"line":223,"column":31},"end":{"line":223,"column":32}},"loc":{"start":{"line":223,"column":45},"end":{"line":232,"column":1}},"line":223},"31":{"name":"(anonymous_31)","decl":{"start":{"line":225,"column":22},"end":{"line":225,"column":23}},"loc":{"start":{"line":225,"column":39},"end":{"line":231,"column":3}},"line":225},"32":{"name":"getPosts","decl":{"start":{"line":236,"column":9},"end":{"line":236,"column":17}},"loc":{"start":{"line":236,"column":20},"end":{"line":249,"column":1}},"line":236},"33":{"name":"(anonymous_33)","decl":{"start":{"line":237,"column":20},"end":{"line":237,"column":21}},"loc":{"start":{"line":237,"column":34},"end":{"line":248,"column":3}},"line":237},"34":{"name":"(anonymous_34)","decl":{"start":{"line":240,"column":24},"end":{"line":240,"column":25}},"loc":{"start":{"line":240,"column":41},"end":{"line":247,"column":5}},"line":240},"35":{"name":"(anonymous_35)","decl":{"start":{"line":251,"column":23},"end":{"line":251,"column":24}},"loc":{"start":{"line":251,"column":37},"end":{"line":261,"column":1}},"line":251},"36":{"name":"(anonymous_36)","decl":{"start":{"line":253,"column":22},"end":{"line":253,"column":23}},"loc":{"start":{"line":253,"column":39},"end":{"line":260,"column":3}},"line":253},"37":{"name":"(anonymous_37)","decl":{"start":{"line":263,"column":24},"end":{"line":263,"column":25}},"loc":{"start":{"line":263,"column":38},"end":{"line":273,"column":1}},"line":263},"38":{"name":"(anonymous_38)","decl":{"start":{"line":265,"column":22},"end":{"line":265,"column":23}},"loc":{"start":{"line":265,"column":39},"end":{"line":272,"column":3}},"line":265},"39":{"name":"(anonymous_39)","decl":{"start":{"line":275,"column":23},"end":{"line":275,"column":24}},"loc":{"start":{"line":275,"column":37},"end":{"line":293,"column":1}},"line":275},"40":{"name":"(anonymous_40)","decl":{"start":{"line":285,"column":49},"end":{"line":285,"column":50}},"loc":{"start":{"line":285,"column":66},"end":{"line":292,"column":5}},"line":285},"41":{"name":"(anonymous_41)","decl":{"start":{"line":295,"column":25},"end":{"line":295,"column":26}},"loc":{"start":{"line":295,"column":39},"end":{"line":308,"column":1}},"line":295},"42":{"name":"(anonymous_42)","decl":{"start":{"line":300,"column":16},"end":{"line":300,"column":17}},"loc":{"start":{"line":300,"column":33},"end":{"line":307,"column":3}},"line":300},"43":{"name":"(anonymous_43)","decl":{"start":{"line":312,"column":26},"end":{"line":312,"column":27}},"loc":{"start":{"line":312,"column":40},"end":{"line":331,"column":1}},"line":312},"44":{"name":"(anonymous_44)","decl":{"start":{"line":323,"column":62},"end":{"line":323,"column":63}},"loc":{"start":{"line":323,"column":79},"end":{"line":330,"column":3}},"line":323},"45":{"name":"(anonymous_45)","decl":{"start":{"line":335,"column":28},"end":{"line":335,"column":29}},"loc":{"start":{"line":335,"column":42},"end":{"line":354,"column":1}},"line":335},"46":{"name":"(anonymous_46)","decl":{"start":{"line":346,"column":63},"end":{"line":346,"column":64}},"loc":{"start":{"line":346,"column":80},"end":{"line":353,"column":3}},"line":346},"47":{"name":"(anonymous_47)","decl":{"start":{"line":358,"column":27},"end":{"line":358,"column":28}},"loc":{"start":{"line":358,"column":41},"end":{"line":378,"column":1}},"line":358},"48":{"name":"(anonymous_48)","decl":{"start":{"line":370,"column":97},"end":{"line":370,"column":98}},"loc":{"start":{"line":370,"column":114},"end":{"line":377,"column":3}},"line":370},"49":{"name":"(anonymous_49)","decl":{"start":{"line":380,"column":27},"end":{"line":380,"column":28}},"loc":{"start":{"line":380,"column":41},"end":{"line":401,"column":1}},"line":380},"50":{"name":"(anonymous_50)","decl":{"start":{"line":393,"column":108},"end":{"line":393,"column":109}},"loc":{"start":{"line":393,"column":125},"end":{"line":400,"column":3}},"line":393},"51":{"name":"(anonymous_51)","decl":{"start":{"line":403,"column":34},"end":{"line":403,"column":35}},"loc":{"start":{"line":403,"column":48},"end":{"line":419,"column":1}},"line":403},"52":{"name":"(anonymous_52)","decl":{"start":{"line":411,"column":16},"end":{"line":411,"column":17}},"loc":{"start":{"line":411,"column":33},"end":{"line":418,"column":3}},"line":411},"53":{"name":"(anonymous_53)","decl":{"start":{"line":423,"column":30},"end":{"line":423,"column":31}},"loc":{"start":{"line":423,"column":44},"end":{"line":433,"column":1}},"line":423},"54":{"name":"(anonymous_54)","decl":{"start":{"line":425,"column":22},"end":{"line":425,"column":23}},"loc":{"start":{"line":425,"column":39},"end":{"line":432,"column":3}},"line":425},"55":{"name":"(anonymous_55)","decl":{"start":{"line":437,"column":22},"end":{"line":437,"column":23}},"loc":{"start":{"line":437,"column":36},"end":{"line":463,"column":3}},"line":437},"56":{"name":"(anonymous_56)","decl":{"start":{"line":444,"column":36},"end":{"line":444,"column":37}},"loc":{"start":{"line":444,"column":51},"end":{"line":462,"column":4}},"line":444},"57":{"name":"(anonymous_57)","decl":{"start":{"line":453,"column":68},"end":{"line":453,"column":69}},"loc":{"start":{"line":453,"column":85},"end":{"line":461,"column":5}},"line":453},"58":{"name":"(anonymous_58)","decl":{"start":{"line":467,"column":17},"end":{"line":467,"column":18}},"loc":{"start":{"line":467,"column":31},"end":{"line":473,"column":1}},"line":467},"59":{"name":"(anonymous_59)","decl":{"start":{"line":475,"column":19},"end":{"line":475,"column":20}},"loc":{"start":{"line":475,"column":33},"end":{"line":507,"column":3}},"line":475},"60":{"name":"(anonymous_60)","decl":{"start":{"line":481,"column":36},"end":{"line":481,"column":37}},"loc":{"start":{"line":481,"column":53},"end":{"line":506,"column":3}},"line":481},"61":{"name":"(anonymous_61)","decl":{"start":{"line":486,"column":50},"end":{"line":486,"column":51}},"loc":{"start":{"line":486,"column":71},"end":{"line":498,"column":7}},"line":486},"62":{"name":"(anonymous_62)","decl":{"start":{"line":512,"column":20},"end":{"line":512,"column":21}},"loc":{"start":{"line":512,"column":34},"end":{"line":518,"column":3}},"line":512},"63":{"name":"(anonymous_63)","decl":{"start":{"line":520,"column":21},"end":{"line":520,"column":22}},"loc":{"start":{"line":520,"column":34},"end":{"line":528,"column":3}},"line":520},"64":{"name":"(anonymous_64)","decl":{"start":{"line":530,"column":33},"end":{"line":530,"column":34}},"loc":{"start":{"line":530,"column":47},"end":{"line":541,"column":3}},"line":530},"65":{"name":"(anonymous_65)","decl":{"start":{"line":533,"column":18},"end":{"line":533,"column":19}},"loc":{"start":{"line":533,"column":35},"end":{"line":540,"column":5}},"line":533},"66":{"name":"(anonymous_66)","decl":{"start":{"line":543,"column":25},"end":{"line":543,"column":26}},"loc":{"start":{"line":543,"column":39},"end":{"line":554,"column":1}},"line":543},"67":{"name":"(anonymous_67)","decl":{"start":{"line":546,"column":16},"end":{"line":546,"column":17}},"loc":{"start":{"line":546,"column":33},"end":{"line":553,"column":3}},"line":546},"68":{"name":"(anonymous_68)","decl":{"start":{"line":556,"column":14},"end":{"line":556,"column":15}},"loc":{"start":{"line":556,"column":33},"end":{"line":562,"column":1}},"line":556},"69":{"name":"(anonymous_69)","decl":{"start":{"line":557,"column":69},"end":{"line":557,"column":70}},"loc":{"start":{"line":557,"column":83},"end":{"line":561,"column":3}},"line":557},"70":{"name":"(anonymous_70)","decl":{"start":{"line":564,"column":17},"end":{"line":564,"column":18}},"loc":{"start":{"line":564,"column":23},"end":{"line":566,"column":1}},"line":564}},"branchMap":{"0":{"loc":{"start":{"line":58,"column":6},"end":{"line":62,"column":9}},"type":"if","locations":[{"start":{"line":58,"column":6},"end":{"line":62,"column":9}},{"start":{"line":60,"column":15},"end":{"line":62,"column":9}}],"line":58},"1":{"loc":{"start":{"line":69,"column":6},"end":{"line":73,"column":9}},"type":"if","locations":[{"start":{"line":69,"column":6},"end":{"line":73,"column":9}},{"start":{"line":71,"column":15},"end":{"line":73,"column":9}}],"line":69},"2":{"loc":{"start":{"line":81,"column":6},"end":{"line":85,"column":9}},"type":"if","locations":[{"start":{"line":81,"column":6},"end":{"line":85,"column":9}},{"start":{"line":83,"column":15},"end":{"line":85,"column":9}}],"line":81},"3":{"loc":{"start":{"line":92,"column":6},"end":{"line":96,"column":9}},"type":"if","locations":[{"start":{"line":92,"column":6},"end":{"line":96,"column":9}},{"start":{"line":94,"column":15},"end":{"line":96,"column":9}}],"line":92},"4":{"loc":{"start":{"line":103,"column":6},"end":{"line":107,"column":9}},"type":"if","locations":[{"start":{"line":103,"column":6},"end":{"line":107,"column":9}},{"start":{"line":105,"column":15},"end":{"line":107,"column":9}}],"line":103},"5":{"loc":{"start":{"line":114,"column":6},"end":{"line":118,"column":9}},"type":"if","locations":[{"start":{"line":114,"column":6},"end":{"line":118,"column":9}},{"start":{"line":116,"column":15},"end":{"line":118,"column":9}}],"line":114},"6":{"loc":{"start":{"line":125,"column":6},"end":{"line":129,"column":9}},"type":"if","locations":[{"start":{"line":125,"column":6},"end":{"line":129,"column":9}},{"start":{"line":127,"column":15},"end":{"line":129,"column":9}}],"line":125},"7":{"loc":{"start":{"line":136,"column":6},"end":{"line":140,"column":9}},"type":"if","locations":[{"start":{"line":136,"column":6},"end":{"line":140,"column":9}},{"start":{"line":138,"column":15},"end":{"line":140,"column":9}}],"line":136},"8":{"loc":{"start":{"line":147,"column":6},"end":{"line":151,"column":9}},"type":"if","locations":[{"start":{"line":147,"column":6},"end":{"line":151,"column":9}},{"start":{"line":149,"column":15},"end":{"line":151,"column":9}}],"line":147},"9":{"loc":{"start":{"line":158,"column":6},"end":{"line":162,"column":9}},"type":"if","locations":[{"start":{"line":158,"column":6},"end":{"line":162,"column":9}},{"start":{"line":160,"column":15},"end":{"line":162,"column":9}}],"line":158},"10":{"loc":{"start":{"line":169,"column":6},"end":{"line":173,"column":9}},"type":"if","locations":[{"start":{"line":169,"column":6},"end":{"line":173,"column":9}},{"start":{"line":171,"column":15},"end":{"line":173,"column":9}}],"line":169},"11":{"loc":{"start":{"line":181,"column":6},"end":{"line":185,"column":9}},"type":"if","locations":[{"start":{"line":181,"column":6},"end":{"line":185,"column":9}},{"start":{"line":183,"column":15},"end":{"line":185,"column":9}}],"line":181},"12":{"loc":{"start":{"line":192,"column":6},"end":{"line":197,"column":9}},"type":"if","locations":[{"start":{"line":192,"column":6},"end":{"line":197,"column":9}},{"start":{"line":194,"column":15},"end":{"line":197,"column":9}}],"line":192},"13":{"loc":{"start":{"line":204,"column":6},"end":{"line":208,"column":9}},"type":"if","locations":[{"start":{"line":204,"column":6},"end":{"line":208,"column":9}},{"start":{"line":206,"column":15},"end":{"line":208,"column":9}}],"line":204},"14":{"loc":{"start":{"line":215,"column":6},"end":{"line":219,"column":9}},"type":"if","locations":[{"start":{"line":215,"column":6},"end":{"line":219,"column":9}},{"start":{"line":217,"column":15},"end":{"line":219,"column":9}}],"line":215},"15":{"loc":{"start":{"line":226,"column":6},"end":{"line":230,"column":9}},"type":"if","locations":[{"start":{"line":226,"column":6},"end":{"line":230,"column":9}},{"start":{"line":228,"column":15},"end":{"line":230,"column":9}}],"line":226},"16":{"loc":{"start":{"line":242,"column":8},"end":{"line":246,"column":11}},"type":"if","locations":[{"start":{"line":242,"column":8},"end":{"line":246,"column":11}},{"start":{"line":244,"column":17},"end":{"line":246,"column":11}}],"line":242},"17":{"loc":{"start":{"line":254,"column":6},"end":{"line":259,"column":9}},"type":"if","locations":[{"start":{"line":254,"column":6},"end":{"line":259,"column":9}},{"start":{"line":256,"column":15},"end":{"line":259,"column":9}}],"line":254},"18":{"loc":{"start":{"line":266,"column":6},"end":{"line":271,"column":9}},"type":"if","locations":[{"start":{"line":266,"column":6},"end":{"line":271,"column":9}},{"start":{"line":268,"column":15},"end":{"line":271,"column":9}}],"line":266},"19":{"loc":{"start":{"line":286,"column":8},"end":{"line":291,"column":9}},"type":"if","locations":[{"start":{"line":286,"column":8},"end":{"line":291,"column":9}},{"start":{"line":288,"column":15},"end":{"line":291,"column":9}}],"line":286},"20":{"loc":{"start":{"line":301,"column":6},"end":{"line":306,"column":7}},"type":"if","locations":[{"start":{"line":301,"column":6},"end":{"line":306,"column":7}},{"start":{"line":303,"column":13},"end":{"line":306,"column":7}}],"line":301},"21":{"loc":{"start":{"line":324,"column":6},"end":{"line":329,"column":7}},"type":"if","locations":[{"start":{"line":324,"column":6},"end":{"line":329,"column":7}},{"start":{"line":326,"column":13},"end":{"line":329,"column":7}}],"line":324},"22":{"loc":{"start":{"line":347,"column":6},"end":{"line":352,"column":7}},"type":"if","locations":[{"start":{"line":347,"column":6},"end":{"line":352,"column":7}},{"start":{"line":349,"column":13},"end":{"line":352,"column":7}}],"line":347},"23":{"loc":{"start":{"line":371,"column":6},"end":{"line":376,"column":7}},"type":"if","locations":[{"start":{"line":371,"column":6},"end":{"line":376,"column":7}},{"start":{"line":373,"column":13},"end":{"line":376,"column":7}}],"line":371},"24":{"loc":{"start":{"line":394,"column":6},"end":{"line":399,"column":7}},"type":"if","locations":[{"start":{"line":394,"column":6},"end":{"line":399,"column":7}},{"start":{"line":396,"column":13},"end":{"line":399,"column":7}}],"line":394},"25":{"loc":{"start":{"line":412,"column":6},"end":{"line":417,"column":7}},"type":"if","locations":[{"start":{"line":412,"column":6},"end":{"line":417,"column":7}},{"start":{"line":414,"column":13},"end":{"line":417,"column":7}}],"line":412},"26":{"loc":{"start":{"line":427,"column":6},"end":{"line":431,"column":9}},"type":"if","locations":[{"start":{"line":427,"column":6},"end":{"line":431,"column":9}},{"start":{"line":429,"column":15},"end":{"line":431,"column":9}}],"line":427},"27":{"loc":{"start":{"line":447,"column":4},"end":{"line":449,"column":5}},"type":"if","locations":[{"start":{"line":447,"column":4},"end":{"line":449,"column":5}},{"start":{},"end":{}}],"line":447},"28":{"loc":{"start":{"line":454,"column":7},"end":{"line":460,"column":8}},"type":"if","locations":[{"start":{"line":454,"column":7},"end":{"line":460,"column":8}},{"start":{"line":457,"column":12},"end":{"line":460,"column":8}}],"line":454},"29":{"loc":{"start":{"line":468,"column":2},"end":{"line":472,"column":3}},"type":"if","locations":[{"start":{"line":468,"column":2},"end":{"line":472,"column":3}},{"start":{"line":470,"column":8},"end":{"line":472,"column":3}}],"line":468},"30":{"loc":{"start":{"line":482,"column":4},"end":{"line":484,"column":5}},"type":"if","locations":[{"start":{"line":482,"column":4},"end":{"line":484,"column":5}},{"start":{},"end":{}}],"line":482},"31":{"loc":{"start":{"line":485,"column":4},"end":{"line":505,"column":5}},"type":"if","locations":[{"start":{"line":485,"column":4},"end":{"line":505,"column":5}},{"start":{"line":502,"column":9},"end":{"line":505,"column":5}}],"line":485},"32":{"loc":{"start":{"line":487,"column":8},"end":{"line":497,"column":9}},"type":"if","locations":[{"start":{"line":487,"column":8},"end":{"line":497,"column":9}},{"start":{"line":495,"column":12},"end":{"line":497,"column":9}}],"line":487},"33":{"loc":{"start":{"line":513,"column":4},"end":{"line":517,"column":5}},"type":"if","locations":[{"start":{"line":513,"column":4},"end":{"line":517,"column":5}},{"start":{"line":515,"column":10},"end":{"line":517,"column":5}}],"line":513},"34":{"loc":{"start":{"line":534,"column":8},"end":{"line":539,"column":9}},"type":"if","locations":[{"start":{"line":534,"column":8},"end":{"line":539,"column":9}},{"start":{"line":536,"column":15},"end":{"line":539,"column":9}}],"line":534},"35":{"loc":{"start":{"line":547,"column":6},"end":{"line":552,"column":7}},"type":"if","locations":[{"start":{"line":547,"column":6},"end":{"line":552,"column":7}},{"start":{"line":549,"column":13},"end":{"line":552,"column":7}}],"line":547},"36":{"loc":{"start":{"line":558,"column":4},"end":{"line":560,"column":5}},"type":"if","locations":[{"start":{"line":558,"column":4},"end":{"line":560,"column":5}},{"start":{},"end":{}}],"line":558}},"s":{"0":1,"1":1,"2":1,"3":1,"4":1,"5":1,"6":1,"7":1,"8":1,"9":1,"10":1,"11":1,"12":1,"13":1,"14":1,"15":1,"16":1,"17":1,"18":1,"19":0,"20":0,"21":0,"22":0,"23":0,"24":1,"25":0,"26":0,"27":0,"28":0,"29":0,"30":1,"31":0,"32":0,"33":0,"34":0,"35":0,"36":1,"37":0,"38":0,"39":0,"40":0,"41":0,"42":1,"43":0,"44":0,"45":0,"46":0,"47":0,"48":1,"49":0,"50":0,"51":0,"52":0,"53":0,"54":1,"55":0,"56":0,"57":0,"58":0,"59":0,"60":1,"61":0,"62":0,"63":0,"64":0,"65":0,"66":1,"67":0,"68":0,"69":0,"70":0,"71":0,"72":1,"73":0,"74":0,"75":0,"76":0,"77":0,"78":1,"79":0,"80":0,"81":0,"82":0,"83":0,"84":1,"85":0,"86":0,"87":0,"88":0,"89":0,"90":0,"91":1,"92":0,"93":0,"94":0,"95":0,"96":0,"97":0,"98":1,"99":0,"100":0,"101":0,"102":0,"103":0,"104":1,"105":0,"106":0,"107":0,"108":0,"109":0,"110":1,"111":0,"112":0,"113":0,"114":0,"115":0,"116":0,"117":0,"118":0,"119":0,"120":0,"121":0,"122":0,"123":1,"124":0,"125":0,"126":0,"127":0,"128":0,"129":0,"130":1,"131":0,"132":0,"133":0,"134":0,"135":0,"136":0,"137":1,"138":0,"139":0,"140":0,"141":0,"142":0,"143":0,"144":0,"145":0,"146":0,"147":0,"148":0,"149":1,"150":0,"151":0,"152":0,"153":0,"154":0,"155":0,"156":1,"157":0,"158":0,"159":0,"160":0,"161":0,"162":0,"163":0,"164":0,"165":0,"166":0,"167":0,"168":0,"169":1,"170":0,"171":0,"172":0,"173":0,"174":0,"175":0,"176":0,"177":0,"178":0,"179":0,"180":0,"181":0,"182":1,"183":0,"184":0,"185":0,"186":0,"187":0,"188":0,"189":0,"190":0,"191":0,"192":0,"193":0,"194":0,"195":0,"196":1,"197":0,"198":0,"199":0,"200":0,"201":0,"202":0,"203":0,"204":0,"205":0,"206":0,"207":0,"208":0,"209":0,"210":0,"211":1,"212":0,"213":0,"214":0,"215":0,"216":0,"217":0,"218":0,"219":0,"220":0,"221":1,"222":0,"223":0,"224":0,"225":0,"226":0,"227":1,"228":0,"229":0,"230":0,"231":0,"232":0,"233":0,"234":0,"235":0,"236":0,"237":0,"238":0,"239":0,"240":0,"241":0,"242":1,"243":0,"244":0,"245":0,"246":1,"247":0,"248":0,"249":0,"250":0,"251":0,"252":0,"253":0,"254":0,"255":0,"256":0,"257":0,"258":0,"259":0,"260":0,"261":0,"262":0,"263":0,"264":0,"265":1,"266":0,"267":0,"268":0,"269":1,"270":0,"271":0,"272":0,"273":0,"274":0,"275":0,"276":1,"277":0,"278":0,"279":0,"280":0,"281":0,"282":0,"283":0,"284":1,"285":0,"286":0,"287":0,"288":0,"289":0,"290":0,"291":0,"292":1,"293":0,"294":0,"295":0,"296":1,"297":0,"298":1},"f":{"0":0,"1":0,"2":0,"3":0,"4":0,"5":0,"6":0,"7":0,"8":0,"9":0,"10":0,"11":0,"12":0,"13":0,"14":0,"15":0,"16":0,"17":0,"18":0,"19":0,"20":0,"21":0,"22":0,"23":0,"24":0,"25":0,"26":0,"27":0,"28":0,"29":0,"30":0,"31":0,"32":0,"33":0,"34":0,"35":0,"36":0,"37":0,"38":0,"39":0,"40":0,"41":0,"42":0,"43":0,"44":0,"45":0,"46":0,"47":0,"48":0,"49":0,"50":0,"51":0,"52":0,"53":0,"54":0,"55":0,"56":0,"57":0,"58":0,"59":0,"60":0,"61":0,"62":0,"63":0,"64":0,"65":0,"66":0,"67":0,"68":0,"69":0,"70":0},"b":{"0":[0,0],"1":[0,0],"2":[0,0],"3":[0,0],"4":[0,0],"5":[0,0],"6":[0,0],"7":[0,0],"8":[0,0],"9":[0,0],"10":[0,0],"11":[0,0],"12":[0,0],"13":[0,0],"14":[0,0],"15":[0,0],"16":[0,0],"17":[0,0],"18":[0,0],"19":[0,0],"20":[0,0],"21":[0,0],"22":[0,0],"23":[0,0],"24":[0,0],"25":[0,0],"26":[0,0],"27":[0,0],"28":[0,0],"29":[0,0],"30":[0,0],"31":[0,0],"32":[0,0],"33":[0,0],"34":[0,0],"35":[0,0],"36":[0,0]},"_coverageSchema":"1a1c01bbd47fc00a2c39e90264f33305004495a9","hash":"679ef0faf8d840d71cf301c7d474667c35574957"}
}
