TN:
SF:index.js
FN:54,(anonymous_0)
FN:56,(anonymous_1)
FN:65,(anonymous_2)
FN:67,(anonymous_3)
FN:77,(anonymous_4)
FN:79,(anonymous_5)
FN:88,(anonymous_6)
FN:90,(anonymous_7)
FN:99,(anonymous_8)
FN:101,(anonymous_9)
FN:110,(anonymous_10)
FN:112,(anonymous_11)
FN:122,(anonymous_12)
FN:124,(anonymous_13)
FN:133,(anonymous_14)
FN:135,(anonymous_15)
FN:144,(anonymous_16)
FN:146,(anonymous_17)
FN:155,(anonymous_18)
FN:157,(anonymous_19)
FN:166,(anonymous_20)
FN:168,(anonymous_21)
FN:177,(anonymous_22)
FN:180,(anonymous_23)
FN:189,(anonymous_24)
FN:191,(anonymous_25)
FN:201,(anonymous_26)
FN:203,(anonymous_27)
FN:212,(anonymous_28)
FN:214,(anonymous_29)
FN:223,(anonymous_30)
FN:225,(anonymous_31)
FN:236,getPosts
FN:237,(anonymous_33)
FN:240,(anonymous_34)
FN:251,(anonymous_35)
FN:253,(anonymous_36)
FN:263,(anonymous_37)
FN:265,(anonymous_38)
FN:275,(anonymous_39)
FN:285,(anonymous_40)
FN:295,(anonymous_41)
FN:300,(anonymous_42)
FN:312,(anonymous_43)
FN:323,(anonymous_44)
FN:335,(anonymous_45)
FN:346,(anonymous_46)
FN:358,(anonymous_47)
FN:370,(anonymous_48)
FN:380,(anonymous_49)
FN:393,(anonymous_50)
FN:403,(anonymous_51)
FN:411,(anonymous_52)
FN:423,(anonymous_53)
FN:425,(anonymous_54)
FN:437,(anonymous_55)
FN:444,(anonymous_56)
FN:453,(anonymous_57)
FN:467,(anonymous_58)
FN:475,(anonymous_59)
FN:481,(anonymous_60)
FN:486,(anonymous_61)
FN:512,(anonymous_62)
FN:520,(anonymous_63)
FN:530,(anonymous_64)
FN:533,(anonymous_65)
FN:543,(anonymous_66)
FN:546,(anonymous_67)
FN:556,(anonymous_68)
FN:557,(anonymous_69)
FN:564,(anonymous_70)
FNF:71
FNH:0
FNDA:0,(anonymous_0)
FNDA:0,(anonymous_1)
FNDA:0,(anonymous_2)
FNDA:0,(anonymous_3)
FNDA:0,(anonymous_4)
FNDA:0,(anonymous_5)
FNDA:0,(anonymous_6)
FNDA:0,(anonymous_7)
FNDA:0,(anonymous_8)
FNDA:0,(anonymous_9)
FNDA:0,(anonymous_10)
FNDA:0,(anonymous_11)
FNDA:0,(anonymous_12)
FNDA:0,(anonymous_13)
FNDA:0,(anonymous_14)
FNDA:0,(anonymous_15)
FNDA:0,(anonymous_16)
FNDA:0,(anonymous_17)
FNDA:0,(anonymous_18)
FNDA:0,(anonymous_19)
FNDA:0,(anonymous_20)
FNDA:0,(anonymous_21)
FNDA:0,(anonymous_22)
FNDA:0,(anonymous_23)
FNDA:0,(anonymous_24)
FNDA:0,(anonymous_25)
FNDA:0,(anonymous_26)
FNDA:0,(anonymous_27)
FNDA:0,(anonymous_28)
FNDA:0,(anonymous_29)
FNDA:0,(anonymous_30)
FNDA:0,(anonymous_31)
FNDA:0,getPosts
FNDA:0,(anonymous_33)
FNDA:0,(anonymous_34)
FNDA:0,(anonymous_35)
FNDA:0,(anonymous_36)
FNDA:0,(anonymous_37)
FNDA:0,(anonymous_38)
FNDA:0,(anonymous_39)
FNDA:0,(anonymous_40)
FNDA:0,(anonymous_41)
FNDA:0,(anonymous_42)
FNDA:0,(anonymous_43)
FNDA:0,(anonymous_44)
FNDA:0,(anonymous_45)
FNDA:0,(anonymous_46)
FNDA:0,(anonymous_47)
FNDA:0,(anonymous_48)
FNDA:0,(anonymous_49)
FNDA:0,(anonymous_50)
FNDA:0,(anonymous_51)
FNDA:0,(anonymous_52)
FNDA:0,(anonymous_53)
FNDA:0,(anonymous_54)
FNDA:0,(anonymous_55)
FNDA:0,(anonymous_56)
FNDA:0,(anonymous_57)
FNDA:0,(anonymous_58)
FNDA:0,(anonymous_59)
FNDA:0,(anonymous_60)
FNDA:0,(anonymous_61)
FNDA:0,(anonymous_62)
FNDA:0,(anonymous_63)
FNDA:0,(anonymous_64)
FNDA:0,(anonymous_65)
FNDA:0,(anonymous_66)
FNDA:0,(anonymous_67)
FNDA:0,(anonymous_68)
FNDA:0,(anonymous_69)
FNDA:0,(anonymous_70)
DA:1,1
DA:2,1
DA:3,1
DA:4,1
DA:5,1
DA:6,1
DA:8,1
DA:9,1
DA:10,1
DA:12,1
DA:13,1
DA:17,1
DA:19,1
DA:26,1
DA:27,1
DA:29,1
DA:41,1
DA:43,1
DA:54,1
DA:55,0
DA:56,0
DA:58,0
DA:59,0
DA:61,0
DA:65,1
DA:66,0
DA:67,0
DA:69,0
DA:70,0
DA:72,0
DA:77,1
DA:78,0
DA:79,0
DA:81,0
DA:82,0
DA:84,0
DA:88,1
DA:89,0
DA:90,0
DA:92,0
DA:93,0
DA:95,0
DA:99,1
DA:100,0
DA:101,0
DA:103,0
DA:104,0
DA:106,0
DA:110,1
DA:111,0
DA:112,0
DA:114,0
DA:115,0
DA:117,0
DA:122,1
DA:123,0
DA:124,0
DA:125,0
DA:126,0
DA:128,0
DA:133,1
DA:134,0
DA:135,0
DA:136,0
DA:137,0
DA:139,0
DA:144,1
DA:145,0
DA:146,0
DA:147,0
DA:148,0
DA:150,0
DA:155,1
DA:156,0
DA:157,0
DA:158,0
DA:159,0
DA:161,0
DA:166,1
DA:167,0
DA:168,0
DA:169,0
DA:170,0
DA:172,0
DA:177,1
DA:178,0
DA:179,0
DA:180,0
DA:181,0
DA:182,0
DA:184,0
DA:189,1
DA:190,0
DA:191,0
DA:192,0
DA:193,0
DA:195,0
DA:196,0
DA:201,1
DA:202,0
DA:203,0
DA:204,0
DA:205,0
DA:207,0
DA:212,1
DA:213,0
DA:214,0
DA:215,0
DA:216,0
DA:218,0
DA:223,1
DA:224,0
DA:225,0
DA:226,0
DA:227,0
DA:229,0
DA:237,0
DA:238,0
DA:240,0
DA:241,0
DA:242,0
DA:243,0
DA:245,0
DA:251,1
DA:252,0
DA:253,0
DA:254,0
DA:255,0
DA:257,0
DA:258,0
DA:263,1
DA:264,0
DA:265,0
DA:266,0
DA:267,0
DA:269,0
DA:270,0
DA:275,1
DA:277,0
DA:278,0
DA:279,0
DA:280,0
DA:281,0
DA:284,0
DA:285,0
DA:286,0
DA:287,0
DA:289,0
DA:290,0
DA:295,1
DA:297,0
DA:300,0
DA:301,0
DA:302,0
DA:304,0
DA:305,0
DA:312,1
DA:314,0
DA:315,0
DA:316,0
DA:317,0
DA:318,0
DA:319,0
DA:322,0
DA:323,0
DA:324,0
DA:325,0
DA:327,0
DA:328,0
DA:335,1
DA:337,0
DA:338,0
DA:339,0
DA:340,0
DA:341,0
DA:342,0
DA:345,0
DA:346,0
DA:347,0
DA:348,0
DA:350,0
DA:351,0
DA:358,1
DA:360,0
DA:361,0
DA:362,0
DA:363,0
DA:364,0
DA:365,0
DA:366,0
DA:369,0
DA:370,0
DA:371,0
DA:372,0
DA:374,0
DA:375,0
DA:380,1
DA:382,0
DA:383,0
DA:384,0
DA:385,0
DA:386,0
DA:387,0
DA:388,0
DA:389,0
DA:392,0
DA:393,0
DA:394,0
DA:395,0
DA:397,0
DA:398,0
DA:403,1
DA:405,0
DA:406,0
DA:409,0
DA:410,0
DA:411,0
DA:412,0
DA:413,0
DA:415,0
DA:416,0
DA:423,1
DA:424,0
DA:425,0
DA:427,0
DA:428,0
DA:430,0
DA:437,1
DA:438,0
DA:439,0
DA:440,0
DA:441,0
DA:442,0
DA:444,0
DA:447,0
DA:448,0
DA:452,0
DA:453,0
DA:454,0
DA:455,0
DA:458,0
DA:459,0
DA:467,1
DA:468,0
DA:469,0
DA:471,0
DA:475,1
DA:476,0
DA:477,0
DA:479,0
DA:481,0
DA:482,0
DA:483,0
DA:485,0
DA:486,0
DA:487,0
DA:488,0
DA:489,0
DA:490,0
DA:491,0
DA:492,0
DA:493,0
DA:496,0
DA:503,0
DA:504,0
DA:512,1
DA:513,0
DA:514,0
DA:516,0
DA:520,1
DA:521,0
DA:522,0
DA:523,0
DA:524,0
DA:525,0
DA:526,0
DA:530,1
DA:531,0
DA:532,0
DA:533,0
DA:534,0
DA:535,0
DA:537,0
DA:538,0
DA:543,1
DA:544,0
DA:545,0
DA:546,0
DA:547,0
DA:548,0
DA:550,0
DA:551,0
DA:556,1
DA:557,0
DA:558,0
DA:559,0
DA:564,1
DA:565,0
DA:568,1
LF:299
LH:54
BRDA:58,0,0,0
BRDA:58,0,1,0
BRDA:69,1,0,0
BRDA:69,1,1,0
BRDA:81,2,0,0
BRDA:81,2,1,0
BRDA:92,3,0,0
BRDA:92,3,1,0
BRDA:103,4,0,0
BRDA:103,4,1,0
BRDA:114,5,0,0
BRDA:114,5,1,0
BRDA:125,6,0,0
BRDA:125,6,1,0
BRDA:136,7,0,0
BRDA:136,7,1,0
BRDA:147,8,0,0
BRDA:147,8,1,0
BRDA:158,9,0,0
BRDA:158,9,1,0
BRDA:169,10,0,0
BRDA:169,10,1,0
BRDA:181,11,0,0
BRDA:181,11,1,0
BRDA:192,12,0,0
BRDA:192,12,1,0
BRDA:204,13,0,0
BRDA:204,13,1,0
BRDA:215,14,0,0
BRDA:215,14,1,0
BRDA:226,15,0,0
BRDA:226,15,1,0
BRDA:242,16,0,0
BRDA:242,16,1,0
BRDA:254,17,0,0
BRDA:254,17,1,0
BRDA:266,18,0,0
BRDA:266,18,1,0
BRDA:286,19,0,0
BRDA:286,19,1,0
BRDA:301,20,0,0
BRDA:301,20,1,0
BRDA:324,21,0,0
BRDA:324,21,1,0
BRDA:347,22,0,0
BRDA:347,22,1,0
BRDA:371,23,0,0
BRDA:371,23,1,0
BRDA:394,24,0,0
BRDA:394,24,1,0
BRDA:412,25,0,0
BRDA:412,25,1,0
BRDA:427,26,0,0
BRDA:427,26,1,0
BRDA:447,27,0,0
BRDA:447,27,1,0
BRDA:454,28,0,0
BRDA:454,28,1,0
BRDA:468,29,0,0
BRDA:468,29,1,0
BRDA:482,30,0,0
BRDA:482,30,1,0
BRDA:485,31,0,0
BRDA:485,31,1,0
BRDA:487,32,0,0
BRDA:487,32,1,0
BRDA:513,33,0,0
BRDA:513,33,1,0
BRDA:534,34,0,0
BRDA:534,34,1,0
BRDA:547,35,0,0
BRDA:547,35,1,0
BRDA:558,36,0,0
BRDA:558,36,1,0
BRF:74
BRH:0
end_of_record
